2020-07-30 22:47:46.745  INFO 13284 --- [main] com.example.demo.ExampleApplication      : Starting ExampleApplication on HDC3-L-PF1TGJNZ with PID 13284 (C:\Users\naga.m.varakuti\Downloads\demo\target\classes started by naga.m.varakuti in C:\Users\naga.m.varakuti\Downloads\demo)
2020-07-30 22:47:46.748  INFO 13284 --- [main] com.example.demo.ExampleApplication      : No active profile set, falling back to default profiles: default
2020-07-30 22:47:47.690  INFO 13284 --- [main] .s.d.r.c.RepositoryConfigurationDelegate : Bootstrapping Spring Data JPA repositories in DEFERRED mode.
2020-07-30 22:47:47.766  INFO 13284 --- [main] .s.d.r.c.RepositoryConfigurationDelegate : Finished Spring Data repository scanning in 62ms. Found 1 JPA repository interfaces.
2020-07-30 22:47:48.645  INFO 13284 --- [main] o.s.b.w.embedded.tomcat.TomcatWebServer  : Tomcat initialized with port(s): 8080 (http)
2020-07-30 22:47:48.659  INFO 13284 --- [main] o.apache.catalina.core.StandardService   : Starting service [Tomcat]
2020-07-30 22:47:48.660  INFO 13284 --- [main] org.apache.catalina.core.StandardEngine  : Starting Servlet engine: [Apache Tomcat/9.0.37]
2020-07-30 22:47:48.798  INFO 13284 --- [main] o.a.c.c.C.[Tomcat].[localhost].[/]       : Initializing Spring embedded WebApplicationContext
2020-07-30 22:47:48.799  INFO 13284 --- [main] w.s.c.ServletWebServerApplicationContext : Root WebApplicationContext: initialization completed in 2004 ms
2020-07-30 22:47:48.912  INFO 13284 --- [main] com.zaxxer.hikari.HikariDataSource       : HikariPool-1 - Starting...
2020-07-30 22:47:49.110  INFO 13284 --- [main] com.zaxxer.hikari.HikariDataSource       : HikariPool-1 - Start completed.
2020-07-30 22:47:49.158  INFO 13284 --- [main] o.s.b.a.h2.H2ConsoleAutoConfiguration    : H2 console available at '/h2-console'. Database available at 'jdbc:h2:mem:testdb'
2020-07-30 22:47:49.515  INFO 13284 --- [main] o.s.s.concurrent.ThreadPoolTaskExecutor  : Initializing ExecutorService 'applicationTaskExecutor'
2020-07-30 22:47:49.585  INFO 13284 --- [task-1] o.hibernate.jpa.internal.util.LogHelper  : HHH000204: Processing PersistenceUnitInfo [name: default]
2020-07-30 22:47:49.679  INFO 13284 --- [task-1] org.hibernate.Version                    : HHH000412: Hibernate ORM core version 5.4.18.Final
2020-07-30 22:47:49.957  INFO 13284 --- [task-1] o.hibernate.annotations.common.Version   : HCANN000001: Hibernate Commons Annotations {5.1.0.Final}
2020-07-30 22:47:50.185  INFO 13284 --- [task-1] org.hibernate.dialect.Dialect            : HHH000400: Using dialect: org.hibernate.dialect.H2Dialect
2020-07-30 22:47:51.084  INFO 13284 --- [task-1] o.h.e.t.j.p.i.JtaPlatformInitiator       : HHH000490: Using JtaPlatform implementation: [org.hibernate.engine.transaction.jta.platform.internal.NoJtaPlatform]
2020-07-30 22:47:51.100  INFO 13284 --- [task-1] j.LocalContainerEntityManagerFactoryBean : Initialized JPA EntityManagerFactory for persistence unit 'default'
2020-07-30 22:47:51.682  WARN 13284 --- [main] JpaBaseConfiguration$JpaWebConfiguration : spring.jpa.open-in-view is enabled by default. Therefore, database queries may be performed during view rendering. Explicitly configure spring.jpa.open-in-view to disable this warning
2020-07-30 22:47:52.581  INFO 13284 --- [main] o.s.b.w.embedded.tomcat.TomcatWebServer  : Tomcat started on port(s): 8080 (http) with context path ''
2020-07-30 22:47:52.586  INFO 13284 --- [main] DeferredRepositoryInitializationListener : Triggering deferred initialization of Spring Data repositories…
2020-07-30 22:47:52.588  INFO 13284 --- [main] DeferredRepositoryInitializationListener : Spring Data repositories initialized!
2020-07-30 22:47:52.605  INFO 13284 --- [main] com.example.demo.ExampleApplication      : Started ExampleApplication in 6.422 seconds (JVM running for 7.34)
2020-07-30 22:48:13.676  INFO 13284 --- [http-nio-8080-exec-1] o.a.c.c.C.[Tomcat].[localhost].[/]       : Initializing Spring DispatcherServlet 'dispatcherServlet'
2020-07-30 22:48:13.684  INFO 13284 --- [http-nio-8080-exec-1] o.s.web.servlet.DispatcherServlet        : Initializing Servlet 'dispatcherServlet'
2020-07-30 22:48:13.767  INFO 13284 --- [http-nio-8080-exec-1] o.s.web.servlet.DispatcherServlet        : Completed initialization in 83 ms
2020-07-30 22:48:14.266  INFO 13284 --- [http-nio-8080-exec-1] com.example.demo.ExampleApplication      :  All Employee Details Retrieved
2020-07-30 22:48:37.965  INFO 13284 --- [http-nio-8080-exec-2] com.example.demo.ExampleApplication      : user retrieved with valid Id 2
2020-07-30 22:48:47.017  WARN 13284 --- [http-nio-8080-exec-3] com.example.demo.ExampleApplication      : user tried to Retrieve With invalid Id 5
2020-07-30 22:50:05.187  INFO 13284 --- [http-nio-8080-exec-6] com.example.demo.ExampleApplication      : new user added with id 4
2020-07-30 22:51:12.817  INFO 13284 --- [http-nio-8080-exec-9] com.example.demo.ExampleApplication      : user updated account with id 3
2020-07-30 22:51:37.613  INFO 13284 --- [http-nio-8080-exec-10] com.example.demo.ExampleApplication      : user updated account with id 5
2020-07-30 22:53:37.435  INFO 13284 --- [http-nio-8080-exec-3] com.example.demo.ExampleApplication      : user updated account with id 10
2020-07-30 22:54:23.070  INFO 13284 --- [http-nio-8080-exec-4] com.example.demo.ExampleApplication      : user updated account with id 10
2020-07-30 22:54:28.761  INFO 13284 --- [http-nio-8080-exec-5] com.example.demo.ExampleApplication      : user updated account with id 10
2020-07-30 22:54:55.735  INFO 13284 --- [http-nio-8080-exec-7] com.example.demo.ExampleApplication      : user deleted account with id 4
2020-07-30 22:55:18.350  WARN 13284 --- [http-nio-8080-exec-8] com.example.demo.ExampleApplication      : user tried to delete account with wrong id 4
